<?xml version="1.0" encoding="UTF-8"?>
<!-- Generated by org.testng.reporters.JUnitReportReporter -->
<testsuite hostname="DESKTOP-LA038U6" failures="0" tests="1" name="Templates.Tests.StandAloneTest2" time="١٣.٤٧٦" errors="0" timestamp="٢٠٢٥-٠٣-٢٦T٠٦:٢١:٢٣ EET" skipped="0">
  <testcase classname="Templates.Tests.StandAloneTest2" name="submitOrder" time="١٣.٤٧٦"/>
</testsuite> <!-- Templates.Tests.StandAloneTest2 -->
