<?xml version="1.0" encoding="UTF-8"?>
<!-- Generated by org.testng.reporters.JUnitReportReporter -->
<testsuite hostname="DESKTOP-LA038U6" failures="0" tests="3" name="Templates.Tests.SubmitOrderTest" time="٤٥.٤٧٤" errors="0" timestamp="٢٠٢٥-٠٣-٢٧T٠٥:١٦:٢٠ EET" skipped="0">
  <testcase classname="Templates.Tests.SubmitOrderTest" name="submitOrderTest" time="١٤.٢١٧"/>
  <testcase classname="Templates.Tests.SubmitOrderTest" name="orderHistoryTest" time="١٧.٣٢٥"/>
  <testcase classname="Templates.Tests.SubmitOrderTest" name="submitOrderTest" time="١٣.٩٣٢"/>
</testsuite> <!-- Templates.Tests.SubmitOrderTest -->
