<?xml version="1.0" encoding="UTF-8"?>
<!-- Generated by org.testng.reporters.JUnitReportReporter -->
<testsuite hostname="DESKTOP-LA038U6" failures="0" tests="3" name="Templates.Tests.SubmitOrderTest" time="٤٦.٠١٣" errors="0" timestamp="٢٠٢٥-٠٣-٢٧T٠٦:٠٧:٥٢ EET" skipped="0">
  <testcase classname="Templates.Tests.SubmitOrderTest" name="orderHistoryTest" time="١١.٠٢٧"/>
  <testcase classname="Templates.Tests.SubmitOrderTest" name="submitOrderTest" time="١٨.٠٩٢"/>
  <testcase classname="Templates.Tests.SubmitOrderTest" name="submitOrderTest" time="١٦.٨٩٤"/>
</testsuite> <!-- Templates.Tests.SubmitOrderTest -->
